/usr/synopsys/dc-L-2016.03-SP1/auxx/gui/dv/dv_setup.tcl
/usr/synopsys/dc-L-2016.03-SP1/auxx/gui/syn/snpsSynProcs.tcl
/usr/synopsys/dc-L-2016.03-SP1/auxx/gui/syn/layout/pkgIndex.tcl
/usr/synopsys/dc-L-2016.03-SP1/auxx/gui/common/highlight/pkgIndex.tcl
/usr/synopsys/dc-L-2016.03-SP1/auxx/gui/common/pathinspector/pkgIndex.tcl
/usr/synopsys/dc-L-2016.03-SP1/auxx/gui/common/acg/pkgIndex.tcl
/usr/synopsys/dc-L-2016.03-SP1/auxx/gui/common/schematic/pkgIndex.tcl
/usr/synopsys/dc-L-2016.03-SP1/auxx/gui/common/tiledview/pkgIndex.tcl
/usr/synopsys/dc-L-2016.03-SP1/auxx/gui/common/misc/pkgIndex.tcl
/usr/synopsys/dc-L-2016.03-SP1/auxx/gui/common/mrupalette/pkgIndex.tcl
/usr/synopsys/dc-L-2016.03-SP1/auxx/gui/common/tcl-dp/pkgIndex.tcl
/usr/synopsys/dc-L-2016.03-SP1/auxx/gui/common/dialogs/pkgIndex.tcl
/usr/synopsys/dc-L-2016.03-SP1/auxx/gui/common/select/pkgIndex.tcl
/usr/synopsys/dc-L-2016.03-SP1/auxx/gui/common/hierarchy/pkgIndex.tcl
/usr/synopsys/dc-L-2016.03-SP1/auxx/gui/common/qtcl/pkgIndex.tcl
/usr/synopsys/dc-L-2016.03-SP1/auxx/gui/common/opdlg/pkgIndex.tcl
/usr/synopsys/dc-L-2016.03-SP1/auxx/gui/common/libviewer/pkgIndex.tcl
/usr/synopsys/dc-L-2016.03-SP1/auxx/gui/common/strokes/pkgIndex.tcl
/usr/synopsys/dc-L-2016.03-SP1/auxx/gui/common/tq/pkgIndex.tcl
/usr/synopsys/dc-L-2016.03-SP1/auxx/gui/common/WindowFrameWork/pkgIndex.tcl
/usr/synopsys/dc-L-2016.03-SP1/auxx/gui/common/timing/pkgIndex.tcl
/usr/synopsys/dc-L-2016.03-SP1/auxx/gui/common/setup/pkgIndex.tcl
/usr/synopsys/dc-L-2016.03-SP1/auxx/gui/common/docBrowser/pkgIndex.tcl
/usr/synopsys/dc-L-2016.03-SP1/auxx/gui/common/view/pkgIndex.tcl
/usr/synopsys/dc-L-2016.03-SP1/auxx/gui/common/layout/pkgIndex.tcl
/usr/synopsys/dc-L-2016.03-SP1/auxx/gui/common/commandform/pkgIndex.tcl
/usr/synopsys/dc-L-2016.03-SP1/auxx/gui/common/histogram/pkgIndex.tcl
/usr/synopsys/dc-L-2016.03-SP1/auxx/gui/common/menus/pkgIndex.tcl
/usr/synopsys/dc-L-2016.03-SP1/auxx/gui/common/profiler/pkgIndex.tcl
/usr/synopsys/dc-L-2016.03-SP1/auxx/gui/common/fanoutviewer/pkgIndex.tcl
/usr/synopsys/dc-L-2016.03-SP1/auxx/gui/common/palettegroup/pkgIndex.tcl
/usr/synopsys/dc-L-2016.03-SP1/auxx/gui/common/regressionToolkit/pkgIndex.tcl
/usr/synopsys/dc-L-2016.03-SP1/auxx/gui/common/table/pkgIndex.tcl
/usr/synopsys/dc-L-2016.03-SP1/auxx/gui/dv/pkgIndex.tcl
/usr/synopsys/dc-L-2016.03-SP1/auxx/syn/lib/pkgIndex.tcl
/usr/synopsys/dc-L-2016.03-SP1/auxx/tcllib/lib/iwidgets4.1/pkgIndex.tcl
/usr/synopsys/dc-L-2016.03-SP1/auxx/tcllib/snps_tcl/snpsTest/pkgIndex.tcl
/usr/synopsys/dc-L-2016.03-SP1/auxx/tcllib/snps_tcl/snpsUtils/pkgIndex.tcl
/usr/synopsys/dc-L-2016.03-SP1/auxx/tcllib/snps_tcl/snpsTclPro/pkgIndex.tcl
/usr/synopsys/dc-L-2016.03-SP1/auxx/tcllib/snps_tcl/pkgIndex.tcl
/usr/synopsys/dc-L-2016.03-SP1/auxx/tcllib/lib/tcl8.6/dde/pkgIndex.tcl
/usr/synopsys/dc-L-2016.03-SP1/auxx/tcllib/lib/tcl8.6/tcltest/pkgIndex.tcl
/usr/synopsys/dc-L-2016.03-SP1/auxx/tcllib/lib/tcl8.6/http/pkgIndex.tcl
/usr/synopsys/dc-L-2016.03-SP1/auxx/tcllib/lib/tcl8.6/reg/pkgIndex.tcl
/usr/synopsys/dc-L-2016.03-SP1/auxx/tcllib/lib/tcl8.6/opt/pkgIndex.tcl
/usr/synopsys/dc-L-2016.03-SP1/auxx/tcllib/lib/tcl8.6/msgcat/pkgIndex.tcl
/usr/synopsys/dc-L-2016.03-SP1/auxx/tcllib/lib/tcl8.6/platform/pkgIndex.tcl
/usr/synopsys/dc-L-2016.03-SP1/auxx/tcllib/lib/tcl8.6/http1.0/pkgIndex.tcl
/usr/synopsys/dc-L-2016.03-SP1/auxx/gui/common/setup/snpsCommonSetup.tcl
/usr/synopsys/dc-L-2016.03-SP1/auxx/gui/common/setup/snpsCustomize.tcl
/usr/synopsys/dc-L-2016.03-SP1/auxx/gui/common/setup/snpsProcheck.tcl
/usr/synopsys/dc-L-2016.03-SP1/auxx/gui/common/qtcl/.synopsys_qtcl.tcl
/usr/synopsys/dc-L-2016.03-SP1/auxx/gui/common/highlight/highlight.tcl
/usr/synopsys/dc-L-2016.03-SP1/auxx/gui/common/misc/base.tcl
/usr/synopsys/dc-L-2016.03-SP1/auxx/gui/common/misc/timing.tcl
/usr/synopsys/dc-L-2016.03-SP1/auxx/gui/common/misc/setting.tcl
/usr/synopsys/dc-L-2016.03-SP1/auxx/gui/common/misc/preset.tcl
/usr/synopsys/dc-L-2016.03-SP1/auxx/gui/common/WindowFrameWork/windowFrameWork.tcl
/usr/synopsys/dc-L-2016.03-SP1/auxx/gui/common/WindowFrameWork/skipBusyCursorCmdList.tcl
/usr/synopsys/dc-L-2016.03-SP1/auxx/gui/common/docBrowser/docBrowser.tcl
/usr/synopsys/dc-L-2016.03-SP1/auxx/tcllib/snps_tcl/snpsUtils/snpsUtils.tcl
/usr/synopsys/dc-L-2016.03-SP1/auxx/gui/common/dialogs/ObjectChooser.tcl
/usr/synopsys/dc-L-2016.03-SP1/auxx/gui/common/misc/DialogObjectChooser.tcl
/usr/synopsys/dc-L-2016.03-SP1/auxx/gui/common/dialogs/HistBinInformation.tcl
/usr/synopsys/dc-L-2016.03-SP1/auxx/gui/common/dialogs/HistBin1Information.tcl
/usr/synopsys/dc-L-2016.03-SP1/auxx/gui/common/dialogs/BinsOnlyInformation.tcl
/usr/synopsys/dc-L-2016.03-SP1/auxx/gui/common/dialogs/FileChooser.tcl
/usr/synopsys/dc-L-2016.03-SP1/auxx/gui/common/dialogs/PathPinSimpleInfo.tcl
/usr/synopsys/dc-L-2016.03-SP1/auxx/gui/common/dialogs/PathsBasicInfo.tcl
/usr/synopsys/dc-L-2016.03-SP1/auxx/gui/common/dialogs/PathsBasicSimpleInfo.tcl
/usr/synopsys/dc-L-2016.03-SP1/auxx/gui/common/dialogs/SlctOperationInfo.tcl
/usr/synopsys/dc-L-2016.03-SP1/auxx/gui/common/dialogs/ObjectListInfo.tcl
/usr/synopsys/dc-L-2016.03-SP1/auxx/gui/common/dialogs/FanInOutInfo.tcl
/usr/synopsys/dc-L-2016.03-SP1/auxx/gui/common/dialogs/NumberOfLevelsChooser.tcl
/usr/synopsys/dc-L-2016.03-SP1/auxx/gui/common/dialogs/WindowReuseInfo.tcl
/usr/synopsys/dc-L-2016.03-SP1/auxx/gui/common/dialogs/ReportOutputOptionInfo.tcl
/usr/synopsys/dc-L-2016.03-SP1/auxx/gui/common/setup/snpsCollections.tcl
/usr/synopsys/dc-L-2016.03-SP1/auxx/gui/common/dialogs/CompileLinkDesign.tcl
/usr/synopsys/dc-L-2016.03-SP1/auxx/gui/common/histogram/DialogEndpointSlack.tcl
/usr/synopsys/dc-L-2016.03-SP1/auxx/gui/common/histogram/DialogPathsSlack.tcl
/usr/synopsys/dc-L-2016.03-SP1/auxx/gui/common/histogram/DialogNetCapacitance.tcl
/usr/synopsys/dc-L-2016.03-SP1/auxx/gui/common/schematic/DialogPathSchematicFanInOut.tcl
/usr/synopsys/dc-L-2016.03-SP1/auxx/gui/common/schematic/DialogPathSchematicAddPaths.tcl
/mnt/mydata/aes_rtl_128_wd_new/use2.tcl
/usr/synopsys/dc-L-2016.03-SP1/libraries/syn/gtech.db
/usr/synopsys/dc-L-2016.03-SP1/libraries/syn/standard.sldb
/mnt/mydata/aes_rtl_128_wd_new/aes_core.v
/mnt/mydata/aes_rtl_128_wd_new/aes_decipher_block.v
/mnt/mydata/aes_rtl_128_wd_new/aes_encipher_block.v
/mnt/mydata/aes_rtl_128_wd_new/aes_inv_sbox.v
/mnt/mydata/aes_rtl_128_wd_new/aes_key_mem.v
/mnt/mydata/aes_rtl_128_wd_new/aes_sbox.v
/mnt/mydata/aes_rtl_128_wd_new/aes.v
/mnt/mydata/aes_rtl_128_wd_new/key_ass.v
/mnt/mydata/aes_rtl_128_wd_new/aes_core.v
/mnt/mydata/aes_rtl_128_wd_new/aes_decipher_block.v
/mnt/mydata/aes_rtl_128_wd_new/aes_encipher_block.v
/mnt/mydata/aes_rtl_128_wd_new/aes_inv_sbox.v
/mnt/mydata/aes_rtl_128_wd_new/aes_key_mem.v
/mnt/mydata/aes_rtl_128_wd_new/aes_sbox.v
/mnt/mydata/aes_rtl_128_wd_new/aes.v
/mnt/mydata/aes_rtl_128_wd_new/key_ass.v
/mnt/mydata/files/gscl45nm.db
/root/synopsys_cache_L-2016.03-SP1/DW01/DW01_cmp6/rpl/4/gscl45nm_7710/element.ddc
/root/synopsys_cache_L-2016.03-SP1/DW01/DW01_sub/rpl/4/gscl45nm_7710/element.ddc
/root/synopsys_cache_L-2016.03-SP1/DW01/DW01_cmp2/rpl/4/gscl45nm_7710/element.ddc
/root/synopsys_cache_L-2016.03-SP1/DW01/DW01_inc/rpl/4/gscl45nm_7710/element.ddc
/root/synopsys_cache_L-2016.03-SP1/DW01/DW01_dec/rpl/4/gscl45nm_7710/element.ddc
/root/synopsys_cache_L-2016.03-SP1/DW01/DW01_inc/rpl/2/gscl45nm_7710/element.ddc
/mnt/mydata/files/gscl45nm.db
